<?xml version="1.0" encoding="UTF-8"?>
<!-- Generated by org.testng.reporters.JUnitReportReporter -->
<testsuite hostname="DESKTOP-V41BOPB" failures="0" tests="3" name="com.nehal.Yus1" time="16.587" errors="0" timestamp="2021-09-02T22:51:31 BST" skipped="2">
  <testcase classname="com.nehal.Yus1" name="testAdmin1" time="16.587"/>
  <system-out/>
  <testcase classname="com.nehal.Yus1" name="getTitle">
    <skipped/>
  </testcase> <!-- getTitle -->
  <system-out/>
  <testcase classname="com.nehal.Yus1" name="doLogin">
    <skipped/>
  </testcase> <!-- doLogin -->
  <system-out/>
</testsuite> <!-- com.nehal.Yus1 -->
