<?xml version="1.0" encoding="UTF-8"?>
<!-- Generated by org.testng.reporters.JUnitReportReporter -->
<testsuite hostname="DESKTOP-V41BOPB" failures="0" tests="2" name="com.nehal.AppTest1" time="0.057" errors="0" timestamp="2021-09-19T21:18:10 BST" skipped="0">
  <testcase classname="com.nehal.AppTest1" name="logintest2" time="0.002"/>
  <system-out/>
  <testcase classname="com.nehal.AppTest1" name="logintest1" time="0.055"/>
  <system-out/>
</testsuite> <!-- com.nehal.AppTest1 -->
