<?xml version="1.0" encoding="UTF-8"?>
<!-- Generated by org.testng.reporters.JUnitReportReporter -->
<testsuite hostname="DESKTOP-V41BOPB" failures="0" tests="1" name="com.nehal.LoginTest1" time="40.978" errors="0" timestamp="2021-09-20T22:48:09 BST" skipped="0">
  <testcase classname="com.nehal.LoginTest1" name="login1" time="40.978"/>
  <system-out/>
</testsuite> <!-- com.nehal.LoginTest1 -->
